<?xml version="1.0" encoding="UTF-8"?>
<testsuite xmlns:xsi="http://www.w3.org/2001/XMLSchema-instance" xsi:noNamespaceSchemaLocation="https://maven.apache.org/surefire/maven-surefire-plugin/xsd/surefire-test-report-3.0.xsd" version="3.0" name="com.game.refactor.RefactorApplicationTests" time="1.154" tests="1" errors="0" skipped="0" failures="0">
  <properties>
[...]
</properties>
  <testcase name="contextLoads" classname="com.game.refactor.RefactorApplicationTests" time="0.529">
    <system-out><![CDATA[11:46:13.325 [main] INFO org.springframework.test.context.support.AnnotationConfigContextLoaderUtils -- Could not detect default configuration classes for test class [com.game.refactor.RefactorApplicationTests]: RefactorApplicationTests does not declare any static, non-private, non-final, nested classes annotated with @Configuration.
11:46:13.376 [main] INFO org.springframework.boot.test.context.SpringBootTestContextBootstrapper -- Found @SpringBootConfiguration com.game.refactor.RefactorApplication for test class com.game.refactor.RefactorApplicationTests

  .   ____          _            __ _ _
 /\\ / ___'_ __ _ _(_)_ __  __ _ \ \ \ \
( ( )\___ | '_ | '_| | '_ \/ _` | \ \ \ \
 \\/  ___)| |_)| | | | | || (_| |  ) ) ) )
  '  |____| .__|_| |_|_| |_\__, | / / / /
 =========|_|==============|___/=/_/_/_/
 :: Spring Boot ::                (v3.2.3)

2024-03-12T11:46:13.573Z  INFO 14287 --- [refactor] [           main] c.g.refactor.RefactorApplicationTests    : Starting RefactorApplicationTests using Java 21.0.2 with PID 14287 (started by callumbain in /Users/callumbain/Documents/makers_final_project/team-sick-project)
2024-03-12T11:46:13.574Z  INFO 14287 --- [refactor] [           main] c.g.refactor.RefactorApplicationTests    : No active profile set, falling back to 1 default profile: "default"
2024-03-12T11:46:13.845Z  INFO 14287 --- [refactor] [           main] c.g.refactor.RefactorApplicationTests    : Started RefactorApplicationTests in 0.408 seconds (process running for 0.916)
]]></system-out>
    <system-err><![CDATA[WARNING: A Java agent has been loaded dynamically (/Users/callumbain/.m2/repository/net/bytebuddy/byte-buddy-agent/1.14.12/byte-buddy-agent-1.14.12.jar)
WARNING: If a serviceability tool is in use, please run with -XX:+EnableDynamicAgentLoading to hide this warning
WARNING: If a serviceability tool is not in use, please run with -Djdk.instrument.traceUsage for more information
WARNING: Dynamic loading of agents will be disallowed by default in a future release
]]></system-err>
  </testcase>
</testsuite>